{"C:\\Users\\Laira\\OneDrive\\Documentos\\zenklub\\tweetStorm.ts": {"path":"C:\\Users\\Laira\\OneDrive\\Documentos\\zenklub\\tweetStorm.ts","statementMap":{"0":{"start":{"line":2,"column":25},"end":{"line":2,"column":28}},"1":{"start":{"line":3,"column":30},"end":{"line":3,"column":31}},"2":{"start":{"line":4,"column":22},"end":{"line":4,"column":58}},"3":{"start":{"line":6,"column":24},"end":{"line":6,"column":26}},"4":{"start":{"line":7,"column":18},"end":{"line":7,"column":19}},"5":{"start":{"line":9,"column":2},"end":{"line":24,"column":null}},"6":{"start":{"line":10,"column":16},"end":{"line":10,"column":42}},"7":{"start":{"line":11,"column":4},"end":{"line":11,"column":36}},"8":{"start":{"line":14,"column":4},"end":{"line":20,"column":null}},"9":{"start":{"line":15,"column":29},"end":{"line":15,"column":51}},"10":{"start":{"line":16,"column":6},"end":{"line":19,"column":null}},"11":{"start":{"line":17,"column":8},"end":{"line":17,"column":54}},"12":{"start":{"line":18,"column":8},"end":{"line":18,"column":47}},"13":{"start":{"line":22,"column":4},"end":{"line":22,"column":22}},"14":{"start":{"line":23,"column":4},"end":{"line":23,"column":16}},"15":{"start":{"line":26,"column":21},"end":{"line":26,"column":33}},"16":{"start":{"line":27,"column":2},"end":{"line":27,"column":74}},"17":{"start":{"line":27,"column":36},"end":{"line":27,"column":72}},"18":{"start":{"line":1,"column":0},"end":{"line":1,"column":16}},"19":{"start":{"line":32,"column":0},"end":{"line":32,"column":223}},"20":{"start":{"line":34,"column":15},"end":{"line":34,"column":35}},"21":{"start":{"line":35,"column":0},"end":{"line":35,"column":20}}},"fnMap":{"0":{"name":"tweetStorm","decl":{"start":{"line":1,"column":16},"end":{"line":1,"column":26}},"loc":{"start":{"line":1,"column":39},"end":{"line":28,"column":1}}},"1":{"name":"(anonymous_1)","decl":{"start":{"line":27,"column":19},"end":{"line":27,"column":20}},"loc":{"start":{"line":27,"column":36},"end":{"line":27,"column":72}}}},"branchMap":{"0":{"loc":{"start":{"line":14,"column":4},"end":{"line":20,"column":null}},"type":"if","locations":[{"start":{"line":14,"column":4},"end":{"line":20,"column":null}}]},"1":{"loc":{"start":{"line":14,"column":8},"end":{"line":14,"column":77}},"type":"binary-expr","locations":[{"start":{"line":14,"column":8},"end":{"line":14,"column":23}},{"start":{"line":14,"column":27},"end":{"line":14,"column":42}},{"start":{"line":14,"column":46},"end":{"line":14,"column":77}}]},"2":{"loc":{"start":{"line":16,"column":6},"end":{"line":19,"column":null}},"type":"if","locations":[{"start":{"line":16,"column":6},"end":{"line":19,"column":null}}]}},"s":{"0":6,"1":6,"2":6,"3":6,"4":6,"5":6,"6":27,"7":27,"8":27,"9":14,"10":14,"11":14,"12":14,"13":27,"14":27,"15":6,"16":6,"17":27,"18":1,"19":1,"20":1,"21":1},"f":{"0":6,"1":27},"b":{"0":[14],"1":[27,21,15],"2":[14]}}
}
